{
  "RSpec": {
    "coverage": {
      "/Users/chrisbrown/Documents/makers/week4/bookmark_challenge/spec/bookmark_spec.rb": {
        "lines": [
          1,
          null,
          1,
          1,
          1,
          1,
          null,
          1,
          1,
          1,
          null,
          null,
          null
        ]
      },
      "/Users/chrisbrown/Documents/makers/week4/bookmark_challenge/spec/features/infrastructure_test_spec.rb": {
        "lines": [
          1,
          1,
          1,
          1,
          null,
          null
        ]
      },
      "/Users/chrisbrown/Documents/makers/week4/bookmark_challenge/spec/features/viewing_bookmarks_spec.rb": {
        "lines": [
          1,
          1,
          1,
          null,
          1,
          1,
          1,
          null,
          null,
          null
        ]
      }
    },
    "timestamp": 1654619525
  }
}
