{
  "RSpec": {
    "coverage": {
      "/Users/davekempsell/Projects/bookmark_challenge/spec/features/infrastructure_test_spec.rb": {
        "lines": [
          1,
          1,
          1,
          1,
          null,
          null
        ]
      },
      "/Users/davekempsell/Projects/bookmark_challenge/spec/features/viewing_bookmarks_spec.rb": {
        "lines": [
          1,
          1,
          1,
          null,
          1,
          1,
          1,
          null,
          null
        ]
      }
    },
    "timestamp": 1654611439
  }
}
